2025-12-15 14:29:39.478 [main] INFO  c.p.p.PaymentSwitchApplication - Starting PaymentSwitchApplication using Java 21.0.9 with PID 433650 (/home/chauhan-tejas/Documents/React Tutorial/payment-switch/target/classes started by chauhan-tejas in /home/chauhan-tejas/Documents/React Tutorial/payment-switch)
2025-12-15 14:29:39.481 [main] DEBUG c.p.p.PaymentSwitchApplication - Running with Spring Boot v4.0.0, Spring v7.0.1
2025-12-15 14:29:39.483 [main] INFO  c.p.p.PaymentSwitchApplication - No active profile set, falling back to 1 default profile: "default"
2025-12-15 14:29:40.138 [main] INFO  o.s.i.c.DefaultConfiguringBeanFactoryPostProcessor - No bean named 'errorChannel' has been explicitly defined. Therefore, a default PublishSubscribeChannel will be created.
2025-12-15 14:29:40.147 [main] INFO  o.s.i.c.DefaultConfiguringBeanFactoryPostProcessor - No bean named 'integrationHeaderChannelRegistry' has been explicitly defined. Therefore, a default DefaultHeaderChannelRegistry will be created.
2025-12-15 14:29:40.455 [main] INFO  o.s.boot.tomcat.TomcatWebServer - Tomcat initialized with port 8080 (http)
2025-12-15 14:29:40.470 [main] INFO  o.a.catalina.core.StandardService - Starting service [Tomcat]
2025-12-15 14:29:40.470 [main] INFO  o.a.catalina.core.StandardEngine - Starting Servlet engine: [Apache Tomcat/11.0.14]
2025-12-15 14:29:40.515 [main] INFO  o.s.b.w.c.s.WebApplicationContextInitializer - Root WebApplicationContext: initialization completed in 958 ms
2025-12-15 14:29:41.105 [main] INFO  o.s.i.endpoint.EventDrivenConsumer - Adding {logging-channel-adapter:_org.springframework.integration.errorLogger} as a subscriber to the 'errorChannel' channel
2025-12-15 14:29:41.105 [main] INFO  o.s.i.c.PublishSubscribeChannel - Channel 'payment-switch.errorChannel' has 1 subscriber(s).
2025-12-15 14:29:41.105 [main] INFO  o.s.i.endpoint.EventDrivenConsumer - started bean '_org.springframework.integration.errorLogger'
2025-12-15 14:29:41.118 [main] INFO  o.s.boot.tomcat.TomcatWebServer - Tomcat started on port 8080 (http) with context path '/'
2025-12-15 14:29:41.122 [main] INFO  c.p.p.PaymentSwitchApplication - Started PaymentSwitchApplication in 2.321 seconds (process running for 2.931)
2025-12-15 14:29:45.036 [SpringApplicationShutdownHook] INFO  o.s.boot.tomcat.GracefulShutdown - Commencing graceful shutdown. Waiting for active requests to complete
2025-12-15 14:29:45.040 [tomcat-shutdown] INFO  o.s.boot.tomcat.GracefulShutdown - Graceful shutdown complete
2025-12-15 14:29:45.042 [SpringApplicationShutdownHook] INFO  o.s.i.endpoint.EventDrivenConsumer - Removing {logging-channel-adapter:_org.springframework.integration.errorLogger} as a subscriber to the 'errorChannel' channel
2025-12-15 14:29:45.042 [SpringApplicationShutdownHook] INFO  o.s.i.c.PublishSubscribeChannel - Channel 'payment-switch.errorChannel' has 0 subscriber(s).
2025-12-15 14:29:45.043 [SpringApplicationShutdownHook] INFO  o.s.i.endpoint.EventDrivenConsumer - stopped bean '_org.springframework.integration.errorLogger'
2025-12-15 15:12:33.414 [main] INFO  c.p.p.PaymentSwitchApplication - Starting PaymentSwitchApplication using Java 21.0.9 with PID 444638 (/home/chauhan-tejas/Documents/React Tutorial/payment-switch/target/classes started by chauhan-tejas in /home/chauhan-tejas/Documents/React Tutorial/payment-switch)
2025-12-15 15:12:33.416 [main] DEBUG c.p.p.PaymentSwitchApplication - Running with Spring Boot v4.0.0, Spring v7.0.1
2025-12-15 15:12:33.417 [main] INFO  c.p.p.PaymentSwitchApplication - No active profile set, falling back to 1 default profile: "default"
2025-12-15 15:12:33.935 [main] INFO  o.s.i.c.DefaultConfiguringBeanFactoryPostProcessor - No bean named 'errorChannel' has been explicitly defined. Therefore, a default PublishSubscribeChannel will be created.
2025-12-15 15:12:33.944 [main] INFO  o.s.i.c.DefaultConfiguringBeanFactoryPostProcessor - No bean named 'integrationHeaderChannelRegistry' has been explicitly defined. Therefore, a default DefaultHeaderChannelRegistry will be created.
2025-12-15 15:12:34.266 [main] INFO  o.s.boot.tomcat.TomcatWebServer - Tomcat initialized with port 8080 (http)
2025-12-15 15:12:34.278 [main] INFO  o.a.catalina.core.StandardService - Starting service [Tomcat]
2025-12-15 15:12:34.279 [main] INFO  o.a.catalina.core.StandardEngine - Starting Servlet engine: [Apache Tomcat/11.0.14]
2025-12-15 15:12:34.320 [main] INFO  o.s.b.w.c.s.WebApplicationContextInitializer - Root WebApplicationContext: initialization completed in 845 ms
2025-12-15 15:12:34.397 [main] WARN  o.s.b.w.s.s.c.AnnotationConfigServletWebServerApplicationContext - Exception encountered during context initialization - cancelling refresh attempt: org.springframework.beans.factory.BeanCreationException: Error creating bean with name 'isoPackager' defined in class path resource [com/paymentswitch/payment_switch/config/JposConfig.class]: Failed to instantiate [org.jpos.iso.packager.GenericPackager]: Factory method 'isoPackager' threw exception with message: Error reading src/main/resources/iso87ascii.xml
2025-12-15 15:12:34.399 [main] INFO  o.a.catalina.core.StandardService - Stopping service [Tomcat]
2025-12-15 15:12:34.405 [main] INFO  o.s.b.a.l.ConditionEvaluationReportLogger - 

Error starting ApplicationContext. To display the condition evaluation report re-run your application with 'debug' enabled.
2025-12-15 15:12:34.414 [main] ERROR o.s.boot.SpringApplication - Application run failed
org.springframework.beans.factory.BeanCreationException: Error creating bean with name 'isoPackager' defined in class path resource [com/paymentswitch/payment_switch/config/JposConfig.class]: Failed to instantiate [org.jpos.iso.packager.GenericPackager]: Factory method 'isoPackager' threw exception with message: Error reading src/main/resources/iso87ascii.xml
	at org.springframework.beans.factory.support.ConstructorResolver.instantiate(ConstructorResolver.java:657)
	at org.springframework.beans.factory.support.ConstructorResolver.instantiateUsingFactoryMethod(ConstructorResolver.java:489)
	at org.springframework.beans.factory.support.AbstractAutowireCapableBeanFactory.instantiateUsingFactoryMethod(AbstractAutowireCapableBeanFactory.java:1362)
	at org.springframework.beans.factory.support.AbstractAutowireCapableBeanFactory.createBeanInstance(AbstractAutowireCapableBeanFactory.java:1194)
	at org.springframework.beans.factory.support.AbstractAutowireCapableBeanFactory.doCreateBean(AbstractAutowireCapableBeanFactory.java:565)
	at org.springframework.beans.factory.support.AbstractAutowireCapableBeanFactory.createBean(AbstractAutowireCapableBeanFactory.java:525)
	at org.springframework.beans.factory.support.AbstractBeanFactory.lambda$doGetBean$0(AbstractBeanFactory.java:333)
	at org.springframework.beans.factory.support.DefaultSingletonBeanRegistry.getSingleton(DefaultSingletonBeanRegistry.java:371)
	at org.springframework.beans.factory.support.AbstractBeanFactory.doGetBean(AbstractBeanFactory.java:331)
	at org.springframework.beans.factory.support.AbstractBeanFactory.getBean(AbstractBeanFactory.java:196)
	at org.springframework.beans.factory.support.DefaultListableBeanFactory.instantiateSingleton(DefaultListableBeanFactory.java:1218)
	at org.springframework.beans.factory.support.DefaultListableBeanFactory.preInstantiateSingleton(DefaultListableBeanFactory.java:1184)
	at org.springframework.beans.factory.support.DefaultListableBeanFactory.preInstantiateSingletons(DefaultListableBeanFactory.java:1121)
	at org.springframework.context.support.AbstractApplicationContext.finishBeanFactoryInitialization(AbstractApplicationContext.java:983)
	at org.springframework.context.support.AbstractApplicationContext.refresh(AbstractApplicationContext.java:620)
	at org.springframework.boot.web.server.servlet.context.ServletWebServerApplicationContext.refresh(ServletWebServerApplicationContext.java:143)
	at org.springframework.boot.SpringApplication.refresh(SpringApplication.java:765)
	at org.springframework.boot.SpringApplication.refreshContext(SpringApplication.java:454)
	at org.springframework.boot.SpringApplication.run(SpringApplication.java:321)
	at org.springframework.boot.SpringApplication.run(SpringApplication.java:1374)
	at org.springframework.boot.SpringApplication.run(SpringApplication.java:1363)
	at com.paymentswitch.payment_switch.PaymentSwitchApplication.main(PaymentSwitchApplication.java:10)
Caused by: org.springframework.beans.BeanInstantiationException: Failed to instantiate [org.jpos.iso.packager.GenericPackager]: Factory method 'isoPackager' threw exception with message: Error reading src/main/resources/iso87ascii.xml
	at org.springframework.beans.factory.support.SimpleInstantiationStrategy.lambda$instantiate$0(SimpleInstantiationStrategy.java:183)
	at org.springframework.beans.factory.support.SimpleInstantiationStrategy.instantiateWithFactoryMethod(SimpleInstantiationStrategy.java:72)
	at org.springframework.beans.factory.support.SimpleInstantiationStrategy.instantiate(SimpleInstantiationStrategy.java:152)
	at org.springframework.beans.factory.support.ConstructorResolver.instantiate(ConstructorResolver.java:653)
	... 21 common frames omitted
Caused by: org.jpos.iso.ISOException: Error reading src/main/resources/iso87ascii.xml
	at org.jpos.iso.packager.GenericPackager.readFile(GenericPackager.java:205)
	at org.jpos.iso.packager.GenericPackager.<init>(GenericPackager.java:116)
	at com.paymentswitch.payment_switch.config.JposConfig.isoPackager(JposConfig.java:12)
	at com.paymentswitch.payment_switch.config.JposConfig$$SpringCGLIB$$0.CGLIB$isoPackager$0(<generated>)
	at com.paymentswitch.payment_switch.config.JposConfig$$SpringCGLIB$$FastClass$$1.invoke(<generated>)
	at org.springframework.cglib.proxy.MethodProxy.invokeSuper(MethodProxy.java:258)
	at org.springframework.context.annotation.ConfigurationClassEnhancer$BeanMethodInterceptor.intercept(ConfigurationClassEnhancer.java:398)
	at com.paymentswitch.payment_switch.config.JposConfig$$SpringCGLIB$$0.isoPackager(<generated>)
	at java.base/jdk.internal.reflect.DirectMethodHandleAccessor.invoke(DirectMethodHandleAccessor.java:103)
	at java.base/java.lang.reflect.Method.invoke(Method.java:580)
	at org.springframework.beans.factory.support.SimpleInstantiationStrategy.lambda$instantiate$0(SimpleInstantiationStrategy.java:155)
	... 24 common frames omitted
2025-12-15 15:13:05.610 [main] INFO  c.p.p.PaymentSwitchApplication - Starting PaymentSwitchApplication using Java 21.0.9 with PID 444846 (/home/chauhan-tejas/Documents/React Tutorial/payment-switch/target/classes started by chauhan-tejas in /home/chauhan-tejas/Documents/React Tutorial/payment-switch)
2025-12-15 15:13:05.613 [main] DEBUG c.p.p.PaymentSwitchApplication - Running with Spring Boot v4.0.0, Spring v7.0.1
2025-12-15 15:13:05.614 [main] INFO  c.p.p.PaymentSwitchApplication - No active profile set, falling back to 1 default profile: "default"
2025-12-15 15:13:06.147 [main] INFO  o.s.i.c.DefaultConfiguringBeanFactoryPostProcessor - No bean named 'errorChannel' has been explicitly defined. Therefore, a default PublishSubscribeChannel will be created.
2025-12-15 15:13:06.154 [main] INFO  o.s.i.c.DefaultConfiguringBeanFactoryPostProcessor - No bean named 'integrationHeaderChannelRegistry' has been explicitly defined. Therefore, a default DefaultHeaderChannelRegistry will be created.
2025-12-15 15:13:06.499 [main] INFO  o.s.boot.tomcat.TomcatWebServer - Tomcat initialized with port 8080 (http)
2025-12-15 15:13:06.513 [main] INFO  o.a.catalina.core.StandardService - Starting service [Tomcat]
2025-12-15 15:13:06.514 [main] INFO  o.a.catalina.core.StandardEngine - Starting Servlet engine: [Apache Tomcat/11.0.14]
2025-12-15 15:13:06.571 [main] INFO  o.s.b.w.c.s.WebApplicationContextInitializer - Root WebApplicationContext: initialization completed in 882 ms
2025-12-15 15:13:06.668 [main] WARN  o.s.b.w.s.s.c.AnnotationConfigServletWebServerApplicationContext - Exception encountered during context initialization - cancelling refresh attempt: org.springframework.beans.factory.BeanCreationException: Error creating bean with name 'isoPackager' defined in class path resource [com/paymentswitch/payment_switch/config/JposConfig.class]: Failed to instantiate [org.jpos.iso.packager.GenericPackager]: Factory method 'isoPackager' threw exception with message: Error reading src/main/resources/packager/iso87ascii.xml
2025-12-15 15:13:06.670 [main] INFO  o.a.catalina.core.StandardService - Stopping service [Tomcat]
2025-12-15 15:13:06.678 [main] INFO  o.s.b.a.l.ConditionEvaluationReportLogger - 

Error starting ApplicationContext. To display the condition evaluation report re-run your application with 'debug' enabled.
2025-12-15 15:13:06.694 [main] ERROR o.s.boot.SpringApplication - Application run failed
org.springframework.beans.factory.BeanCreationException: Error creating bean with name 'isoPackager' defined in class path resource [com/paymentswitch/payment_switch/config/JposConfig.class]: Failed to instantiate [org.jpos.iso.packager.GenericPackager]: Factory method 'isoPackager' threw exception with message: Error reading src/main/resources/packager/iso87ascii.xml
	at org.springframework.beans.factory.support.ConstructorResolver.instantiate(ConstructorResolver.java:657)
	at org.springframework.beans.factory.support.ConstructorResolver.instantiateUsingFactoryMethod(ConstructorResolver.java:489)
	at org.springframework.beans.factory.support.AbstractAutowireCapableBeanFactory.instantiateUsingFactoryMethod(AbstractAutowireCapableBeanFactory.java:1362)
	at org.springframework.beans.factory.support.AbstractAutowireCapableBeanFactory.createBeanInstance(AbstractAutowireCapableBeanFactory.java:1194)
	at org.springframework.beans.factory.support.AbstractAutowireCapableBeanFactory.doCreateBean(AbstractAutowireCapableBeanFactory.java:565)
	at org.springframework.beans.factory.support.AbstractAutowireCapableBeanFactory.createBean(AbstractAutowireCapableBeanFactory.java:525)
	at org.springframework.beans.factory.support.AbstractBeanFactory.lambda$doGetBean$0(AbstractBeanFactory.java:333)
	at org.springframework.beans.factory.support.DefaultSingletonBeanRegistry.getSingleton(DefaultSingletonBeanRegistry.java:371)
	at org.springframework.beans.factory.support.AbstractBeanFactory.doGetBean(AbstractBeanFactory.java:331)
	at org.springframework.beans.factory.support.AbstractBeanFactory.getBean(AbstractBeanFactory.java:196)
	at org.springframework.beans.factory.support.DefaultListableBeanFactory.instantiateSingleton(DefaultListableBeanFactory.java:1218)
	at org.springframework.beans.factory.support.DefaultListableBeanFactory.preInstantiateSingleton(DefaultListableBeanFactory.java:1184)
	at org.springframework.beans.factory.support.DefaultListableBeanFactory.preInstantiateSingletons(DefaultListableBeanFactory.java:1121)
	at org.springframework.context.support.AbstractApplicationContext.finishBeanFactoryInitialization(AbstractApplicationContext.java:983)
	at org.springframework.context.support.AbstractApplicationContext.refresh(AbstractApplicationContext.java:620)
	at org.springframework.boot.web.server.servlet.context.ServletWebServerApplicationContext.refresh(ServletWebServerApplicationContext.java:143)
	at org.springframework.boot.SpringApplication.refresh(SpringApplication.java:765)
	at org.springframework.boot.SpringApplication.refreshContext(SpringApplication.java:454)
	at org.springframework.boot.SpringApplication.run(SpringApplication.java:321)
	at org.springframework.boot.SpringApplication.run(SpringApplication.java:1374)
	at org.springframework.boot.SpringApplication.run(SpringApplication.java:1363)
	at com.paymentswitch.payment_switch.PaymentSwitchApplication.main(PaymentSwitchApplication.java:10)
Caused by: org.springframework.beans.BeanInstantiationException: Failed to instantiate [org.jpos.iso.packager.GenericPackager]: Factory method 'isoPackager' threw exception with message: Error reading src/main/resources/packager/iso87ascii.xml
	at org.springframework.beans.factory.support.SimpleInstantiationStrategy.lambda$instantiate$0(SimpleInstantiationStrategy.java:183)
	at org.springframework.beans.factory.support.SimpleInstantiationStrategy.instantiateWithFactoryMethod(SimpleInstantiationStrategy.java:72)
	at org.springframework.beans.factory.support.SimpleInstantiationStrategy.instantiate(SimpleInstantiationStrategy.java:152)
	at org.springframework.beans.factory.support.ConstructorResolver.instantiate(ConstructorResolver.java:653)
	... 21 common frames omitted
Caused by: org.jpos.iso.ISOException: Error reading src/main/resources/packager/iso87ascii.xml
	at org.jpos.iso.packager.GenericPackager.readFile(GenericPackager.java:205)
	at org.jpos.iso.packager.GenericPackager.<init>(GenericPackager.java:116)
	at com.paymentswitch.payment_switch.config.JposConfig.isoPackager(JposConfig.java:12)
	at com.paymentswitch.payment_switch.config.JposConfig$$SpringCGLIB$$0.CGLIB$isoPackager$0(<generated>)
	at com.paymentswitch.payment_switch.config.JposConfig$$SpringCGLIB$$FastClass$$1.invoke(<generated>)
	at org.springframework.cglib.proxy.MethodProxy.invokeSuper(MethodProxy.java:258)
	at org.springframework.context.annotation.ConfigurationClassEnhancer$BeanMethodInterceptor.intercept(ConfigurationClassEnhancer.java:398)
	at com.paymentswitch.payment_switch.config.JposConfig$$SpringCGLIB$$0.isoPackager(<generated>)
	at java.base/jdk.internal.reflect.DirectMethodHandleAccessor.invoke(DirectMethodHandleAccessor.java:103)
	at java.base/java.lang.reflect.Method.invoke(Method.java:580)
	at org.springframework.beans.factory.support.SimpleInstantiationStrategy.lambda$instantiate$0(SimpleInstantiationStrategy.java:155)
	... 24 common frames omitted
2025-12-15 15:13:24.387 [main] INFO  c.p.p.PaymentSwitchApplication - Starting PaymentSwitchApplication using Java 21.0.9 with PID 444958 (/home/chauhan-tejas/Documents/React Tutorial/payment-switch/target/classes started by chauhan-tejas in /home/chauhan-tejas/Documents/React Tutorial/payment-switch)
2025-12-15 15:13:24.390 [main] DEBUG c.p.p.PaymentSwitchApplication - Running with Spring Boot v4.0.0, Spring v7.0.1
2025-12-15 15:13:24.391 [main] INFO  c.p.p.PaymentSwitchApplication - No active profile set, falling back to 1 default profile: "default"
2025-12-15 15:13:24.952 [main] INFO  o.s.i.c.DefaultConfiguringBeanFactoryPostProcessor - No bean named 'errorChannel' has been explicitly defined. Therefore, a default PublishSubscribeChannel will be created.
2025-12-15 15:13:24.959 [main] INFO  o.s.i.c.DefaultConfiguringBeanFactoryPostProcessor - No bean named 'integrationHeaderChannelRegistry' has been explicitly defined. Therefore, a default DefaultHeaderChannelRegistry will be created.
2025-12-15 15:13:25.291 [main] INFO  o.s.boot.tomcat.TomcatWebServer - Tomcat initialized with port 8080 (http)
2025-12-15 15:13:25.305 [main] INFO  o.a.catalina.core.StandardService - Starting service [Tomcat]
2025-12-15 15:13:25.305 [main] INFO  o.a.catalina.core.StandardEngine - Starting Servlet engine: [Apache Tomcat/11.0.14]
2025-12-15 15:13:25.357 [main] INFO  o.s.b.w.c.s.WebApplicationContextInitializer - Root WebApplicationContext: initialization completed in 894 ms
2025-12-15 15:13:25.445 [main] WARN  o.s.b.w.s.s.c.AnnotationConfigServletWebServerApplicationContext - Exception encountered during context initialization - cancelling refresh attempt: org.springframework.beans.factory.BeanCreationException: Error creating bean with name 'isoPackager' defined in class path resource [com/paymentswitch/payment_switch/config/JposConfig.class]: Failed to instantiate [org.jpos.iso.packager.GenericPackager]: Factory method 'isoPackager' threw exception with message: Error reading packager/iso87ascii.xml
2025-12-15 15:13:25.447 [main] INFO  o.a.catalina.core.StandardService - Stopping service [Tomcat]
2025-12-15 15:13:25.455 [main] INFO  o.s.b.a.l.ConditionEvaluationReportLogger - 

Error starting ApplicationContext. To display the condition evaluation report re-run your application with 'debug' enabled.
2025-12-15 15:13:25.465 [main] ERROR o.s.boot.SpringApplication - Application run failed
org.springframework.beans.factory.BeanCreationException: Error creating bean with name 'isoPackager' defined in class path resource [com/paymentswitch/payment_switch/config/JposConfig.class]: Failed to instantiate [org.jpos.iso.packager.GenericPackager]: Factory method 'isoPackager' threw exception with message: Error reading packager/iso87ascii.xml
	at org.springframework.beans.factory.support.ConstructorResolver.instantiate(ConstructorResolver.java:657)
	at org.springframework.beans.factory.support.ConstructorResolver.instantiateUsingFactoryMethod(ConstructorResolver.java:489)
	at org.springframework.beans.factory.support.AbstractAutowireCapableBeanFactory.instantiateUsingFactoryMethod(AbstractAutowireCapableBeanFactory.java:1362)
	at org.springframework.beans.factory.support.AbstractAutowireCapableBeanFactory.createBeanInstance(AbstractAutowireCapableBeanFactory.java:1194)
	at org.springframework.beans.factory.support.AbstractAutowireCapableBeanFactory.doCreateBean(AbstractAutowireCapableBeanFactory.java:565)
	at org.springframework.beans.factory.support.AbstractAutowireCapableBeanFactory.createBean(AbstractAutowireCapableBeanFactory.java:525)
	at org.springframework.beans.factory.support.AbstractBeanFactory.lambda$doGetBean$0(AbstractBeanFactory.java:333)
	at org.springframework.beans.factory.support.DefaultSingletonBeanRegistry.getSingleton(DefaultSingletonBeanRegistry.java:371)
	at org.springframework.beans.factory.support.AbstractBeanFactory.doGetBean(AbstractBeanFactory.java:331)
	at org.springframework.beans.factory.support.AbstractBeanFactory.getBean(AbstractBeanFactory.java:196)
	at org.springframework.beans.factory.support.DefaultListableBeanFactory.instantiateSingleton(DefaultListableBeanFactory.java:1218)
	at org.springframework.beans.factory.support.DefaultListableBeanFactory.preInstantiateSingleton(DefaultListableBeanFactory.java:1184)
	at org.springframework.beans.factory.support.DefaultListableBeanFactory.preInstantiateSingletons(DefaultListableBeanFactory.java:1121)
	at org.springframework.context.support.AbstractApplicationContext.finishBeanFactoryInitialization(AbstractApplicationContext.java:983)
	at org.springframework.context.support.AbstractApplicationContext.refresh(AbstractApplicationContext.java:620)
	at org.springframework.boot.web.server.servlet.context.ServletWebServerApplicationContext.refresh(ServletWebServerApplicationContext.java:143)
	at org.springframework.boot.SpringApplication.refresh(SpringApplication.java:765)
	at org.springframework.boot.SpringApplication.refreshContext(SpringApplication.java:454)
	at org.springframework.boot.SpringApplication.run(SpringApplication.java:321)
	at org.springframework.boot.SpringApplication.run(SpringApplication.java:1374)
	at org.springframework.boot.SpringApplication.run(SpringApplication.java:1363)
	at com.paymentswitch.payment_switch.PaymentSwitchApplication.main(PaymentSwitchApplication.java:10)
Caused by: org.springframework.beans.BeanInstantiationException: Failed to instantiate [org.jpos.iso.packager.GenericPackager]: Factory method 'isoPackager' threw exception with message: Error reading packager/iso87ascii.xml
	at org.springframework.beans.factory.support.SimpleInstantiationStrategy.lambda$instantiate$0(SimpleInstantiationStrategy.java:183)
	at org.springframework.beans.factory.support.SimpleInstantiationStrategy.instantiateWithFactoryMethod(SimpleInstantiationStrategy.java:72)
	at org.springframework.beans.factory.support.SimpleInstantiationStrategy.instantiate(SimpleInstantiationStrategy.java:152)
	at org.springframework.beans.factory.support.ConstructorResolver.instantiate(ConstructorResolver.java:653)
	... 21 common frames omitted
Caused by: org.jpos.iso.ISOException: Error reading packager/iso87ascii.xml
	at org.jpos.iso.packager.GenericPackager.readFile(GenericPackager.java:205)
	at org.jpos.iso.packager.GenericPackager.<init>(GenericPackager.java:116)
	at com.paymentswitch.payment_switch.config.JposConfig.isoPackager(JposConfig.java:12)
	at com.paymentswitch.payment_switch.config.JposConfig$$SpringCGLIB$$0.CGLIB$isoPackager$0(<generated>)
	at com.paymentswitch.payment_switch.config.JposConfig$$SpringCGLIB$$FastClass$$1.invoke(<generated>)
	at org.springframework.cglib.proxy.MethodProxy.invokeSuper(MethodProxy.java:258)
	at org.springframework.context.annotation.ConfigurationClassEnhancer$BeanMethodInterceptor.intercept(ConfigurationClassEnhancer.java:398)
	at com.paymentswitch.payment_switch.config.JposConfig$$SpringCGLIB$$0.isoPackager(<generated>)
	at java.base/jdk.internal.reflect.DirectMethodHandleAccessor.invoke(DirectMethodHandleAccessor.java:103)
	at java.base/java.lang.reflect.Method.invoke(Method.java:580)
	at org.springframework.beans.factory.support.SimpleInstantiationStrategy.lambda$instantiate$0(SimpleInstantiationStrategy.java:155)
	... 24 common frames omitted
2025-12-15 15:15:16.335 [main] INFO  c.p.p.PaymentSwitchApplication - Starting PaymentSwitchApplication using Java 21.0.9 with PID 445850 (/home/chauhan-tejas/Documents/React Tutorial/payment-switch/target/classes started by chauhan-tejas in /home/chauhan-tejas/Documents/React Tutorial/payment-switch)
2025-12-15 15:15:16.339 [main] DEBUG c.p.p.PaymentSwitchApplication - Running with Spring Boot v4.0.0, Spring v7.0.1
2025-12-15 15:15:16.340 [main] INFO  c.p.p.PaymentSwitchApplication - No active profile set, falling back to 1 default profile: "default"
2025-12-15 15:15:16.954 [main] INFO  o.s.i.c.DefaultConfiguringBeanFactoryPostProcessor - No bean named 'errorChannel' has been explicitly defined. Therefore, a default PublishSubscribeChannel will be created.
2025-12-15 15:15:16.961 [main] INFO  o.s.i.c.DefaultConfiguringBeanFactoryPostProcessor - No bean named 'integrationHeaderChannelRegistry' has been explicitly defined. Therefore, a default DefaultHeaderChannelRegistry will be created.
2025-12-15 15:15:17.298 [main] INFO  o.s.boot.tomcat.TomcatWebServer - Tomcat initialized with port 8080 (http)
2025-12-15 15:15:17.314 [main] INFO  o.a.catalina.core.StandardService - Starting service [Tomcat]
2025-12-15 15:15:17.314 [main] INFO  o.a.catalina.core.StandardEngine - Starting Servlet engine: [Apache Tomcat/11.0.14]
2025-12-15 15:15:17.365 [main] INFO  o.s.b.w.c.s.WebApplicationContextInitializer - Root WebApplicationContext: initialization completed in 953 ms
2025-12-15 15:15:17.448 [main] WARN  o.s.b.w.s.s.c.AnnotationConfigServletWebServerApplicationContext - Exception encountered during context initialization - cancelling refresh attempt: org.springframework.beans.factory.BeanCreationException: Error creating bean with name 'isoPackager' defined in class path resource [com/paymentswitch/payment_switch/config/JposConfig.class]: Failed to instantiate [org.jpos.iso.packager.GenericPackager]: Factory method 'isoPackager' threw exception with message: Error reading src/main/resources/packager/iso87ascii.xml
2025-12-15 15:15:17.449 [main] INFO  o.a.catalina.core.StandardService - Stopping service [Tomcat]
2025-12-15 15:15:17.456 [main] INFO  o.s.b.a.l.ConditionEvaluationReportLogger - 

Error starting ApplicationContext. To display the condition evaluation report re-run your application with 'debug' enabled.
2025-12-15 15:15:17.465 [main] ERROR o.s.boot.SpringApplication - Application run failed
org.springframework.beans.factory.BeanCreationException: Error creating bean with name 'isoPackager' defined in class path resource [com/paymentswitch/payment_switch/config/JposConfig.class]: Failed to instantiate [org.jpos.iso.packager.GenericPackager]: Factory method 'isoPackager' threw exception with message: Error reading src/main/resources/packager/iso87ascii.xml
	at org.springframework.beans.factory.support.ConstructorResolver.instantiate(ConstructorResolver.java:657)
	at org.springframework.beans.factory.support.ConstructorResolver.instantiateUsingFactoryMethod(ConstructorResolver.java:489)
	at org.springframework.beans.factory.support.AbstractAutowireCapableBeanFactory.instantiateUsingFactoryMethod(AbstractAutowireCapableBeanFactory.java:1362)
	at org.springframework.beans.factory.support.AbstractAutowireCapableBeanFactory.createBeanInstance(AbstractAutowireCapableBeanFactory.java:1194)
	at org.springframework.beans.factory.support.AbstractAutowireCapableBeanFactory.doCreateBean(AbstractAutowireCapableBeanFactory.java:565)
	at org.springframework.beans.factory.support.AbstractAutowireCapableBeanFactory.createBean(AbstractAutowireCapableBeanFactory.java:525)
	at org.springframework.beans.factory.support.AbstractBeanFactory.lambda$doGetBean$0(AbstractBeanFactory.java:333)
	at org.springframework.beans.factory.support.DefaultSingletonBeanRegistry.getSingleton(DefaultSingletonBeanRegistry.java:371)
	at org.springframework.beans.factory.support.AbstractBeanFactory.doGetBean(AbstractBeanFactory.java:331)
	at org.springframework.beans.factory.support.AbstractBeanFactory.getBean(AbstractBeanFactory.java:196)
	at org.springframework.beans.factory.support.DefaultListableBeanFactory.instantiateSingleton(DefaultListableBeanFactory.java:1218)
	at org.springframework.beans.factory.support.DefaultListableBeanFactory.preInstantiateSingleton(DefaultListableBeanFactory.java:1184)
	at org.springframework.beans.factory.support.DefaultListableBeanFactory.preInstantiateSingletons(DefaultListableBeanFactory.java:1121)
	at org.springframework.context.support.AbstractApplicationContext.finishBeanFactoryInitialization(AbstractApplicationContext.java:983)
	at org.springframework.context.support.AbstractApplicationContext.refresh(AbstractApplicationContext.java:620)
	at org.springframework.boot.web.server.servlet.context.ServletWebServerApplicationContext.refresh(ServletWebServerApplicationContext.java:143)
	at org.springframework.boot.SpringApplication.refresh(SpringApplication.java:765)
	at org.springframework.boot.SpringApplication.refreshContext(SpringApplication.java:454)
	at org.springframework.boot.SpringApplication.run(SpringApplication.java:321)
	at org.springframework.boot.SpringApplication.run(SpringApplication.java:1374)
	at org.springframework.boot.SpringApplication.run(SpringApplication.java:1363)
	at com.paymentswitch.payment_switch.PaymentSwitchApplication.main(PaymentSwitchApplication.java:10)
Caused by: org.springframework.beans.BeanInstantiationException: Failed to instantiate [org.jpos.iso.packager.GenericPackager]: Factory method 'isoPackager' threw exception with message: Error reading src/main/resources/packager/iso87ascii.xml
	at org.springframework.beans.factory.support.SimpleInstantiationStrategy.lambda$instantiate$0(SimpleInstantiationStrategy.java:183)
	at org.springframework.beans.factory.support.SimpleInstantiationStrategy.instantiateWithFactoryMethod(SimpleInstantiationStrategy.java:72)
	at org.springframework.beans.factory.support.SimpleInstantiationStrategy.instantiate(SimpleInstantiationStrategy.java:152)
	at org.springframework.beans.factory.support.ConstructorResolver.instantiate(ConstructorResolver.java:653)
	... 21 common frames omitted
Caused by: org.jpos.iso.ISOException: Error reading src/main/resources/packager/iso87ascii.xml
	at org.jpos.iso.packager.GenericPackager.readFile(GenericPackager.java:205)
	at org.jpos.iso.packager.GenericPackager.<init>(GenericPackager.java:116)
	at com.paymentswitch.payment_switch.config.JposConfig.isoPackager(JposConfig.java:12)
	at com.paymentswitch.payment_switch.config.JposConfig$$SpringCGLIB$$0.CGLIB$isoPackager$0(<generated>)
	at com.paymentswitch.payment_switch.config.JposConfig$$SpringCGLIB$$FastClass$$1.invoke(<generated>)
	at org.springframework.cglib.proxy.MethodProxy.invokeSuper(MethodProxy.java:258)
	at org.springframework.context.annotation.ConfigurationClassEnhancer$BeanMethodInterceptor.intercept(ConfigurationClassEnhancer.java:398)
	at com.paymentswitch.payment_switch.config.JposConfig$$SpringCGLIB$$0.isoPackager(<generated>)
	at java.base/jdk.internal.reflect.DirectMethodHandleAccessor.invoke(DirectMethodHandleAccessor.java:103)
	at java.base/java.lang.reflect.Method.invoke(Method.java:580)
	at org.springframework.beans.factory.support.SimpleInstantiationStrategy.lambda$instantiate$0(SimpleInstantiationStrategy.java:155)
	... 24 common frames omitted
2025-12-15 15:15:40.124 [main] INFO  c.p.p.PaymentSwitchApplication - Starting PaymentSwitchApplication using Java 21.0.9 with PID 446030 (/home/chauhan-tejas/Documents/React Tutorial/payment-switch/target/classes started by chauhan-tejas in /home/chauhan-tejas/Documents/React Tutorial/payment-switch)
2025-12-15 15:15:40.127 [main] DEBUG c.p.p.PaymentSwitchApplication - Running with Spring Boot v4.0.0, Spring v7.0.1
2025-12-15 15:15:40.128 [main] INFO  c.p.p.PaymentSwitchApplication - No active profile set, falling back to 1 default profile: "default"
2025-12-15 15:15:40.744 [main] INFO  o.s.i.c.DefaultConfiguringBeanFactoryPostProcessor - No bean named 'errorChannel' has been explicitly defined. Therefore, a default PublishSubscribeChannel will be created.
2025-12-15 15:15:40.751 [main] INFO  o.s.i.c.DefaultConfiguringBeanFactoryPostProcessor - No bean named 'integrationHeaderChannelRegistry' has been explicitly defined. Therefore, a default DefaultHeaderChannelRegistry will be created.
2025-12-15 15:15:41.132 [main] INFO  o.s.boot.tomcat.TomcatWebServer - Tomcat initialized with port 8080 (http)
2025-12-15 15:15:41.146 [main] INFO  o.a.catalina.core.StandardService - Starting service [Tomcat]
2025-12-15 15:15:41.147 [main] INFO  o.a.catalina.core.StandardEngine - Starting Servlet engine: [Apache Tomcat/11.0.14]
2025-12-15 15:15:41.207 [main] INFO  o.s.b.w.c.s.WebApplicationContextInitializer - Root WebApplicationContext: initialization completed in 984 ms
2025-12-15 15:15:41.305 [main] WARN  o.s.b.w.s.s.c.AnnotationConfigServletWebServerApplicationContext - Exception encountered during context initialization - cancelling refresh attempt: org.springframework.beans.factory.BeanCreationException: Error creating bean with name 'isoPackager' defined in class path resource [com/paymentswitch/payment_switch/config/JposConfig.class]: Failed to instantiate [org.jpos.iso.packager.GenericPackager]: Factory method 'isoPackager' threw exception with message: Error reading src/main/resources/packager/iso87ascii.xml
2025-12-15 15:15:41.307 [main] INFO  o.a.catalina.core.StandardService - Stopping service [Tomcat]
2025-12-15 15:15:41.316 [main] INFO  o.s.b.a.l.ConditionEvaluationReportLogger - 

Error starting ApplicationContext. To display the condition evaluation report re-run your application with 'debug' enabled.
2025-12-15 15:15:41.327 [main] ERROR o.s.boot.SpringApplication - Application run failed
org.springframework.beans.factory.BeanCreationException: Error creating bean with name 'isoPackager' defined in class path resource [com/paymentswitch/payment_switch/config/JposConfig.class]: Failed to instantiate [org.jpos.iso.packager.GenericPackager]: Factory method 'isoPackager' threw exception with message: Error reading src/main/resources/packager/iso87ascii.xml
	at org.springframework.beans.factory.support.ConstructorResolver.instantiate(ConstructorResolver.java:657)
	at org.springframework.beans.factory.support.ConstructorResolver.instantiateUsingFactoryMethod(ConstructorResolver.java:489)
	at org.springframework.beans.factory.support.AbstractAutowireCapableBeanFactory.instantiateUsingFactoryMethod(AbstractAutowireCapableBeanFactory.java:1362)
	at org.springframework.beans.factory.support.AbstractAutowireCapableBeanFactory.createBeanInstance(AbstractAutowireCapableBeanFactory.java:1194)
	at org.springframework.beans.factory.support.AbstractAutowireCapableBeanFactory.doCreateBean(AbstractAutowireCapableBeanFactory.java:565)
	at org.springframework.beans.factory.support.AbstractAutowireCapableBeanFactory.createBean(AbstractAutowireCapableBeanFactory.java:525)
	at org.springframework.beans.factory.support.AbstractBeanFactory.lambda$doGetBean$0(AbstractBeanFactory.java:333)
	at org.springframework.beans.factory.support.DefaultSingletonBeanRegistry.getSingleton(DefaultSingletonBeanRegistry.java:371)
	at org.springframework.beans.factory.support.AbstractBeanFactory.doGetBean(AbstractBeanFactory.java:331)
	at org.springframework.beans.factory.support.AbstractBeanFactory.getBean(AbstractBeanFactory.java:196)
	at org.springframework.beans.factory.support.DefaultListableBeanFactory.instantiateSingleton(DefaultListableBeanFactory.java:1218)
	at org.springframework.beans.factory.support.DefaultListableBeanFactory.preInstantiateSingleton(DefaultListableBeanFactory.java:1184)
	at org.springframework.beans.factory.support.DefaultListableBeanFactory.preInstantiateSingletons(DefaultListableBeanFactory.java:1121)
	at org.springframework.context.support.AbstractApplicationContext.finishBeanFactoryInitialization(AbstractApplicationContext.java:983)
	at org.springframework.context.support.AbstractApplicationContext.refresh(AbstractApplicationContext.java:620)
	at org.springframework.boot.web.server.servlet.context.ServletWebServerApplicationContext.refresh(ServletWebServerApplicationContext.java:143)
	at org.springframework.boot.SpringApplication.refresh(SpringApplication.java:765)
	at org.springframework.boot.SpringApplication.refreshContext(SpringApplication.java:454)
	at org.springframework.boot.SpringApplication.run(SpringApplication.java:321)
	at org.springframework.boot.SpringApplication.run(SpringApplication.java:1374)
	at org.springframework.boot.SpringApplication.run(SpringApplication.java:1363)
	at com.paymentswitch.payment_switch.PaymentSwitchApplication.main(PaymentSwitchApplication.java:10)
Caused by: org.springframework.beans.BeanInstantiationException: Failed to instantiate [org.jpos.iso.packager.GenericPackager]: Factory method 'isoPackager' threw exception with message: Error reading src/main/resources/packager/iso87ascii.xml
	at org.springframework.beans.factory.support.SimpleInstantiationStrategy.lambda$instantiate$0(SimpleInstantiationStrategy.java:183)
	at org.springframework.beans.factory.support.SimpleInstantiationStrategy.instantiateWithFactoryMethod(SimpleInstantiationStrategy.java:72)
	at org.springframework.beans.factory.support.SimpleInstantiationStrategy.instantiate(SimpleInstantiationStrategy.java:152)
	at org.springframework.beans.factory.support.ConstructorResolver.instantiate(ConstructorResolver.java:653)
	... 21 common frames omitted
Caused by: org.jpos.iso.ISOException: Error reading src/main/resources/packager/iso87ascii.xml
	at org.jpos.iso.packager.GenericPackager.readFile(GenericPackager.java:205)
	at org.jpos.iso.packager.GenericPackager.<init>(GenericPackager.java:116)
	at com.paymentswitch.payment_switch.config.JposConfig.isoPackager(JposConfig.java:12)
	at com.paymentswitch.payment_switch.config.JposConfig$$SpringCGLIB$$0.CGLIB$isoPackager$0(<generated>)
	at com.paymentswitch.payment_switch.config.JposConfig$$SpringCGLIB$$FastClass$$1.invoke(<generated>)
	at org.springframework.cglib.proxy.MethodProxy.invokeSuper(MethodProxy.java:258)
	at org.springframework.context.annotation.ConfigurationClassEnhancer$BeanMethodInterceptor.intercept(ConfigurationClassEnhancer.java:398)
	at com.paymentswitch.payment_switch.config.JposConfig$$SpringCGLIB$$0.isoPackager(<generated>)
	at java.base/jdk.internal.reflect.DirectMethodHandleAccessor.invoke(DirectMethodHandleAccessor.java:103)
	at java.base/java.lang.reflect.Method.invoke(Method.java:580)
	at org.springframework.beans.factory.support.SimpleInstantiationStrategy.lambda$instantiate$0(SimpleInstantiationStrategy.java:155)
	... 24 common frames omitted
2025-12-15 15:17:01.755 [main] INFO  c.p.p.PaymentSwitchApplication - Starting PaymentSwitchApplication using Java 21.0.9 with PID 446371 (/home/chauhan-tejas/Documents/React Tutorial/payment-switch/target/classes started by chauhan-tejas in /home/chauhan-tejas/Documents/React Tutorial/payment-switch)
2025-12-15 15:17:01.757 [main] DEBUG c.p.p.PaymentSwitchApplication - Running with Spring Boot v4.0.0, Spring v7.0.1
2025-12-15 15:17:01.757 [main] INFO  c.p.p.PaymentSwitchApplication - No active profile set, falling back to 1 default profile: "default"
2025-12-15 15:17:02.377 [main] INFO  o.s.i.c.DefaultConfiguringBeanFactoryPostProcessor - No bean named 'errorChannel' has been explicitly defined. Therefore, a default PublishSubscribeChannel will be created.
2025-12-15 15:17:02.385 [main] INFO  o.s.i.c.DefaultConfiguringBeanFactoryPostProcessor - No bean named 'integrationHeaderChannelRegistry' has been explicitly defined. Therefore, a default DefaultHeaderChannelRegistry will be created.
2025-12-15 15:17:02.720 [main] INFO  o.s.boot.tomcat.TomcatWebServer - Tomcat initialized with port 8080 (http)
2025-12-15 15:17:02.735 [main] INFO  o.a.catalina.core.StandardService - Starting service [Tomcat]
2025-12-15 15:17:02.735 [main] INFO  o.a.catalina.core.StandardEngine - Starting Servlet engine: [Apache Tomcat/11.0.14]
2025-12-15 15:17:02.779 [main] INFO  o.s.b.w.c.s.WebApplicationContextInitializer - Root WebApplicationContext: initialization completed in 971 ms
2025-12-15 15:17:02.878 [main] WARN  o.s.b.w.s.s.c.AnnotationConfigServletWebServerApplicationContext - Exception encountered during context initialization - cancelling refresh attempt: org.springframework.beans.factory.BeanCreationException: Error creating bean with name 'isoPackager' defined in class path resource [com/paymentswitch/payment_switch/config/JposConfig.class]: Failed to instantiate [org.jpos.iso.ISOPackager]: Factory method 'isoPackager' threw exception with message: Error reading src/main/resources/packager/iso87ascii.xml
2025-12-15 15:17:02.880 [main] INFO  o.a.catalina.core.StandardService - Stopping service [Tomcat]
2025-12-15 15:17:02.887 [main] INFO  o.s.b.a.l.ConditionEvaluationReportLogger - 

Error starting ApplicationContext. To display the condition evaluation report re-run your application with 'debug' enabled.
2025-12-15 15:17:02.897 [main] ERROR o.s.boot.SpringApplication - Application run failed
org.springframework.beans.factory.BeanCreationException: Error creating bean with name 'isoPackager' defined in class path resource [com/paymentswitch/payment_switch/config/JposConfig.class]: Failed to instantiate [org.jpos.iso.ISOPackager]: Factory method 'isoPackager' threw exception with message: Error reading src/main/resources/packager/iso87ascii.xml
	at org.springframework.beans.factory.support.ConstructorResolver.instantiate(ConstructorResolver.java:657)
	at org.springframework.beans.factory.support.ConstructorResolver.instantiateUsingFactoryMethod(ConstructorResolver.java:489)
	at org.springframework.beans.factory.support.AbstractAutowireCapableBeanFactory.instantiateUsingFactoryMethod(AbstractAutowireCapableBeanFactory.java:1362)
	at org.springframework.beans.factory.support.AbstractAutowireCapableBeanFactory.createBeanInstance(AbstractAutowireCapableBeanFactory.java:1194)
	at org.springframework.beans.factory.support.AbstractAutowireCapableBeanFactory.doCreateBean(AbstractAutowireCapableBeanFactory.java:565)
	at org.springframework.beans.factory.support.AbstractAutowireCapableBeanFactory.createBean(AbstractAutowireCapableBeanFactory.java:525)
	at org.springframework.beans.factory.support.AbstractBeanFactory.lambda$doGetBean$0(AbstractBeanFactory.java:333)
	at org.springframework.beans.factory.support.DefaultSingletonBeanRegistry.getSingleton(DefaultSingletonBeanRegistry.java:371)
	at org.springframework.beans.factory.support.AbstractBeanFactory.doGetBean(AbstractBeanFactory.java:331)
	at org.springframework.beans.factory.support.AbstractBeanFactory.getBean(AbstractBeanFactory.java:196)
	at org.springframework.beans.factory.support.DefaultListableBeanFactory.instantiateSingleton(DefaultListableBeanFactory.java:1218)
	at org.springframework.beans.factory.support.DefaultListableBeanFactory.preInstantiateSingleton(DefaultListableBeanFactory.java:1184)
	at org.springframework.beans.factory.support.DefaultListableBeanFactory.preInstantiateSingletons(DefaultListableBeanFactory.java:1121)
	at org.springframework.context.support.AbstractApplicationContext.finishBeanFactoryInitialization(AbstractApplicationContext.java:983)
	at org.springframework.context.support.AbstractApplicationContext.refresh(AbstractApplicationContext.java:620)
	at org.springframework.boot.web.server.servlet.context.ServletWebServerApplicationContext.refresh(ServletWebServerApplicationContext.java:143)
	at org.springframework.boot.SpringApplication.refresh(SpringApplication.java:765)
	at org.springframework.boot.SpringApplication.refreshContext(SpringApplication.java:454)
	at org.springframework.boot.SpringApplication.run(SpringApplication.java:321)
	at org.springframework.boot.SpringApplication.run(SpringApplication.java:1374)
	at org.springframework.boot.SpringApplication.run(SpringApplication.java:1363)
	at com.paymentswitch.payment_switch.PaymentSwitchApplication.main(PaymentSwitchApplication.java:10)
Caused by: org.springframework.beans.BeanInstantiationException: Failed to instantiate [org.jpos.iso.ISOPackager]: Factory method 'isoPackager' threw exception with message: Error reading src/main/resources/packager/iso87ascii.xml
	at org.springframework.beans.factory.support.SimpleInstantiationStrategy.lambda$instantiate$0(SimpleInstantiationStrategy.java:183)
	at org.springframework.beans.factory.support.SimpleInstantiationStrategy.instantiateWithFactoryMethod(SimpleInstantiationStrategy.java:72)
	at org.springframework.beans.factory.support.SimpleInstantiationStrategy.instantiate(SimpleInstantiationStrategy.java:152)
	at org.springframework.beans.factory.support.ConstructorResolver.instantiate(ConstructorResolver.java:653)
	... 21 common frames omitted
Caused by: org.jpos.iso.ISOException: Error reading src/main/resources/packager/iso87ascii.xml
	at org.jpos.iso.packager.GenericPackager.readFile(GenericPackager.java:205)
	at org.jpos.iso.packager.GenericPackager.<init>(GenericPackager.java:116)
	at com.paymentswitch.payment_switch.config.JposConfig.isoPackager(JposConfig.java:13)
	at com.paymentswitch.payment_switch.config.JposConfig$$SpringCGLIB$$0.CGLIB$isoPackager$0(<generated>)
	at com.paymentswitch.payment_switch.config.JposConfig$$SpringCGLIB$$FastClass$$1.invoke(<generated>)
	at org.springframework.cglib.proxy.MethodProxy.invokeSuper(MethodProxy.java:258)
	at org.springframework.context.annotation.ConfigurationClassEnhancer$BeanMethodInterceptor.intercept(ConfigurationClassEnhancer.java:398)
	at com.paymentswitch.payment_switch.config.JposConfig$$SpringCGLIB$$0.isoPackager(<generated>)
	at java.base/jdk.internal.reflect.DirectMethodHandleAccessor.invoke(DirectMethodHandleAccessor.java:103)
	at java.base/java.lang.reflect.Method.invoke(Method.java:580)
	at org.springframework.beans.factory.support.SimpleInstantiationStrategy.lambda$instantiate$0(SimpleInstantiationStrategy.java:155)
	... 24 common frames omitted
2025-12-15 15:19:27.791 [main] INFO  c.p.p.PaymentSwitchApplication - Starting PaymentSwitchApplication using Java 21.0.9 with PID 446963 (/home/chauhan-tejas/Documents/React Tutorial/payment-switch/target/classes started by chauhan-tejas in /home/chauhan-tejas/Documents/React Tutorial/payment-switch)
2025-12-15 15:19:27.793 [main] DEBUG c.p.p.PaymentSwitchApplication - Running with Spring Boot v4.0.0, Spring v7.0.1
2025-12-15 15:19:27.795 [main] INFO  c.p.p.PaymentSwitchApplication - No active profile set, falling back to 1 default profile: "default"
2025-12-15 15:19:28.451 [main] INFO  o.s.i.c.DefaultConfiguringBeanFactoryPostProcessor - No bean named 'errorChannel' has been explicitly defined. Therefore, a default PublishSubscribeChannel will be created.
2025-12-15 15:19:28.460 [main] INFO  o.s.i.c.DefaultConfiguringBeanFactoryPostProcessor - No bean named 'integrationHeaderChannelRegistry' has been explicitly defined. Therefore, a default DefaultHeaderChannelRegistry will be created.
2025-12-15 15:19:28.840 [main] INFO  o.s.boot.tomcat.TomcatWebServer - Tomcat initialized with port 8080 (http)
2025-12-15 15:19:28.856 [main] INFO  o.a.catalina.core.StandardService - Starting service [Tomcat]
2025-12-15 15:19:28.856 [main] INFO  o.a.catalina.core.StandardEngine - Starting Servlet engine: [Apache Tomcat/11.0.14]
2025-12-15 15:19:28.908 [main] INFO  o.s.b.w.c.s.WebApplicationContextInitializer - Root WebApplicationContext: initialization completed in 1057 ms
2025-12-15 15:19:29.025 [main] WARN  o.s.b.w.s.s.c.AnnotationConfigServletWebServerApplicationContext - Exception encountered during context initialization - cancelling refresh attempt: org.springframework.beans.factory.BeanCreationException: Error creating bean with name 'isoPackager' defined in class path resource [com/paymentswitch/payment_switch/config/JposConfig.class]: Failed to instantiate [org.jpos.iso.packager.GenericPackager]: Factory method 'isoPackager' threw exception with message: org.xml.sax.SAXParseException; lineNumber: 47; columnNumber: 47; Element type "Isofield" must be declared.
2025-12-15 15:19:29.027 [main] INFO  o.a.catalina.core.StandardService - Stopping service [Tomcat]
2025-12-15 15:19:29.035 [main] INFO  o.s.b.a.l.ConditionEvaluationReportLogger - 

Error starting ApplicationContext. To display the condition evaluation report re-run your application with 'debug' enabled.
2025-12-15 15:19:29.044 [main] ERROR o.s.boot.SpringApplication - Application run failed
org.springframework.beans.factory.BeanCreationException: Error creating bean with name 'isoPackager' defined in class path resource [com/paymentswitch/payment_switch/config/JposConfig.class]: Failed to instantiate [org.jpos.iso.packager.GenericPackager]: Factory method 'isoPackager' threw exception with message: org.xml.sax.SAXParseException; lineNumber: 47; columnNumber: 47; Element type "Isofield" must be declared.
	at org.springframework.beans.factory.support.ConstructorResolver.instantiate(ConstructorResolver.java:657)
	at org.springframework.beans.factory.support.ConstructorResolver.instantiateUsingFactoryMethod(ConstructorResolver.java:489)
	at org.springframework.beans.factory.support.AbstractAutowireCapableBeanFactory.instantiateUsingFactoryMethod(AbstractAutowireCapableBeanFactory.java:1362)
	at org.springframework.beans.factory.support.AbstractAutowireCapableBeanFactory.createBeanInstance(AbstractAutowireCapableBeanFactory.java:1194)
	at org.springframework.beans.factory.support.AbstractAutowireCapableBeanFactory.doCreateBean(AbstractAutowireCapableBeanFactory.java:565)
	at org.springframework.beans.factory.support.AbstractAutowireCapableBeanFactory.createBean(AbstractAutowireCapableBeanFactory.java:525)
	at org.springframework.beans.factory.support.AbstractBeanFactory.lambda$doGetBean$0(AbstractBeanFactory.java:333)
	at org.springframework.beans.factory.support.DefaultSingletonBeanRegistry.getSingleton(DefaultSingletonBeanRegistry.java:371)
	at org.springframework.beans.factory.support.AbstractBeanFactory.doGetBean(AbstractBeanFactory.java:331)
	at org.springframework.beans.factory.support.AbstractBeanFactory.getBean(AbstractBeanFactory.java:196)
	at org.springframework.beans.factory.support.DefaultListableBeanFactory.instantiateSingleton(DefaultListableBeanFactory.java:1218)
	at org.springframework.beans.factory.support.DefaultListableBeanFactory.preInstantiateSingleton(DefaultListableBeanFactory.java:1184)
	at org.springframework.beans.factory.support.DefaultListableBeanFactory.preInstantiateSingletons(DefaultListableBeanFactory.java:1121)
	at org.springframework.context.support.AbstractApplicationContext.finishBeanFactoryInitialization(AbstractApplicationContext.java:983)
	at org.springframework.context.support.AbstractApplicationContext.refresh(AbstractApplicationContext.java:620)
	at org.springframework.boot.web.server.servlet.context.ServletWebServerApplicationContext.refresh(ServletWebServerApplicationContext.java:143)
	at org.springframework.boot.SpringApplication.refresh(SpringApplication.java:765)
	at org.springframework.boot.SpringApplication.refreshContext(SpringApplication.java:454)
	at org.springframework.boot.SpringApplication.run(SpringApplication.java:321)
	at org.springframework.boot.SpringApplication.run(SpringApplication.java:1374)
	at org.springframework.boot.SpringApplication.run(SpringApplication.java:1363)
	at com.paymentswitch.payment_switch.PaymentSwitchApplication.main(PaymentSwitchApplication.java:10)
Caused by: org.springframework.beans.BeanInstantiationException: Failed to instantiate [org.jpos.iso.packager.GenericPackager]: Factory method 'isoPackager' threw exception with message: org.xml.sax.SAXParseException; lineNumber: 47; columnNumber: 47; Element type "Isofield" must be declared.
	at org.springframework.beans.factory.support.SimpleInstantiationStrategy.lambda$instantiate$0(SimpleInstantiationStrategy.java:183)
	at org.springframework.beans.factory.support.SimpleInstantiationStrategy.instantiateWithFactoryMethod(SimpleInstantiationStrategy.java:72)
	at org.springframework.beans.factory.support.SimpleInstantiationStrategy.instantiate(SimpleInstantiationStrategy.java:152)
	at org.springframework.beans.factory.support.ConstructorResolver.instantiate(ConstructorResolver.java:653)
	... 21 common frames omitted
Caused by: org.jpos.iso.ISOException: org.xml.sax.SAXParseException; lineNumber: 47; columnNumber: 47; Element type "Isofield" must be declared.
	at org.jpos.iso.packager.GenericPackager.readFile(GenericPackager.java:224)
	at com.paymentswitch.payment_switch.config.JposConfig.isoPackager(JposConfig.java:17)
	at com.paymentswitch.payment_switch.config.JposConfig$$SpringCGLIB$$0.CGLIB$isoPackager$0(<generated>)
	at com.paymentswitch.payment_switch.config.JposConfig$$SpringCGLIB$$FastClass$$1.invoke(<generated>)
	at org.springframework.cglib.proxy.MethodProxy.invokeSuper(MethodProxy.java:258)
	at org.springframework.context.annotation.ConfigurationClassEnhancer$BeanMethodInterceptor.intercept(ConfigurationClassEnhancer.java:398)
	at com.paymentswitch.payment_switch.config.JposConfig$$SpringCGLIB$$0.isoPackager(<generated>)
	at java.base/jdk.internal.reflect.DirectMethodHandleAccessor.invoke(DirectMethodHandleAccessor.java:103)
	at java.base/java.lang.reflect.Method.invoke(Method.java:580)
	at org.springframework.beans.factory.support.SimpleInstantiationStrategy.lambda$instantiate$0(SimpleInstantiationStrategy.java:155)
	... 24 common frames omitted
2025-12-15 15:20:10.619 [main] INFO  c.p.p.PaymentSwitchApplication - Starting PaymentSwitchApplication using Java 21.0.9 with PID 447202 (/home/chauhan-tejas/Documents/React Tutorial/payment-switch/target/classes started by chauhan-tejas in /home/chauhan-tejas/Documents/React Tutorial/payment-switch)
2025-12-15 15:20:10.620 [main] DEBUG c.p.p.PaymentSwitchApplication - Running with Spring Boot v4.0.0, Spring v7.0.1
2025-12-15 15:20:10.621 [main] INFO  c.p.p.PaymentSwitchApplication - No active profile set, falling back to 1 default profile: "default"
2025-12-15 15:20:11.157 [main] INFO  o.s.i.c.DefaultConfiguringBeanFactoryPostProcessor - No bean named 'errorChannel' has been explicitly defined. Therefore, a default PublishSubscribeChannel will be created.
2025-12-15 15:20:11.163 [main] INFO  o.s.i.c.DefaultConfiguringBeanFactoryPostProcessor - No bean named 'integrationHeaderChannelRegistry' has been explicitly defined. Therefore, a default DefaultHeaderChannelRegistry will be created.
2025-12-15 15:20:11.491 [main] INFO  o.s.boot.tomcat.TomcatWebServer - Tomcat initialized with port 8080 (http)
2025-12-15 15:20:11.502 [main] INFO  o.a.catalina.core.StandardService - Starting service [Tomcat]
2025-12-15 15:20:11.502 [main] INFO  o.a.catalina.core.StandardEngine - Starting Servlet engine: [Apache Tomcat/11.0.14]
2025-12-15 15:20:11.546 [main] INFO  o.s.b.w.c.s.WebApplicationContextInitializer - Root WebApplicationContext: initialization completed in 871 ms
2025-12-15 15:20:12.224 [main] INFO  o.s.i.endpoint.EventDrivenConsumer - Adding {logging-channel-adapter:_org.springframework.integration.errorLogger} as a subscriber to the 'errorChannel' channel
2025-12-15 15:20:12.224 [main] INFO  o.s.i.c.PublishSubscribeChannel - Channel 'payment-switch.errorChannel' has 1 subscriber(s).
2025-12-15 15:20:12.224 [main] INFO  o.s.i.endpoint.EventDrivenConsumer - started bean '_org.springframework.integration.errorLogger'
2025-12-15 15:20:12.226 [main] INFO  o.s.i.i.t.c.TcpNetServerConnectionFactory - started bean 'serverConnectionFactory'; defined in: 'class path resource [com/paymentswitch/payment_switch/config/TcpServerConfig.class]'; from source: 'public org.springframework.integration.ip.tcp.connection.AbstractServerConnectionFactory com.paymentswitch.payment_switch.config.TcpServerConfig.serverConnectionFactory()', port=8583
2025-12-15 15:20:12.226 [pool-2-thread-1] INFO  o.s.i.i.t.c.TcpNetServerConnectionFactory - bean 'serverConnectionFactory'; defined in: 'class path resource [com/paymentswitch/payment_switch/config/TcpServerConfig.class]'; from source: 'public org.springframework.integration.ip.tcp.connection.AbstractServerConnectionFactory com.paymentswitch.payment_switch.config.TcpServerConfig.serverConnectionFactory()', port=8583 Listening
2025-12-15 15:20:12.227 [main] INFO  o.s.i.i.t.c.TcpNetServerConnectionFactory - started bean 'serverConnectionFactory'; defined in: 'class path resource [com/paymentswitch/payment_switch/config/TcpServerConfig.class]'; from source: 'public org.springframework.integration.ip.tcp.connection.AbstractServerConnectionFactory com.paymentswitch.payment_switch.config.TcpServerConfig.serverConnectionFactory()', port=8583
2025-12-15 15:20:12.227 [main] INFO  o.s.i.endpoint.EventDrivenConsumer - Adding {message-handler:tcpOutboundAdapter.serviceActivator} as a subscriber to the 'outboundChannel' channel
2025-12-15 15:20:12.227 [main] INFO  o.s.i.channel.DirectChannel - Channel 'payment-switch.outboundChannel' has 1 subscriber(s).
2025-12-15 15:20:12.227 [main] INFO  o.s.i.endpoint.EventDrivenConsumer - started bean 'tcpOutboundAdapter.serviceActivator'
2025-12-15 15:20:12.227 [main] INFO  o.s.i.i.t.c.TcpNetServerConnectionFactory - started bean 'serverConnectionFactory'; defined in: 'class path resource [com/paymentswitch/payment_switch/config/TcpServerConfig.class]'; from source: 'public org.springframework.integration.ip.tcp.connection.AbstractServerConnectionFactory com.paymentswitch.payment_switch.config.TcpServerConfig.serverConnectionFactory()', port=8583
2025-12-15 15:20:12.227 [main] INFO  o.s.i.i.t.i.TcpReceivingChannelAdapter - started bean 'tcpInboundAdapter'; defined in: 'class path resource [com/paymentswitch/payment_switch/config/TcpServerConfig.class]'; from source: 'public org.springframework.integration.ip.tcp.inbound.TcpReceivingChannelAdapter com.paymentswitch.payment_switch.config.TcpServerConfig.tcpInboundAdapter()'
2025-12-15 15:20:12.239 [main] INFO  o.s.boot.tomcat.TomcatWebServer - Tomcat started on port 8080 (http) with context path '/'
2025-12-15 15:20:12.245 [main] INFO  c.p.p.PaymentSwitchApplication - Started PaymentSwitchApplication in 2.22 seconds (process running for 2.577)
2025-12-15 15:20:33.351 [SpringApplicationShutdownHook] INFO  o.s.boot.tomcat.GracefulShutdown - Commencing graceful shutdown. Waiting for active requests to complete
2025-12-15 15:20:33.355 [tomcat-shutdown] INFO  o.s.boot.tomcat.GracefulShutdown - Graceful shutdown complete
2025-12-15 15:20:33.358 [SpringApplicationShutdownHook] INFO  o.s.i.i.t.c.TcpNetServerConnectionFactory - stopped bean 'serverConnectionFactory'; defined in: 'class path resource [com/paymentswitch/payment_switch/config/TcpServerConfig.class]'; from source: 'public org.springframework.integration.ip.tcp.connection.AbstractServerConnectionFactory com.paymentswitch.payment_switch.config.TcpServerConfig.serverConnectionFactory()', port=8583
2025-12-15 15:20:33.359 [SpringApplicationShutdownHook] INFO  o.s.i.i.t.i.TcpReceivingChannelAdapter - stopped bean 'tcpInboundAdapter'; defined in: 'class path resource [com/paymentswitch/payment_switch/config/TcpServerConfig.class]'; from source: 'public org.springframework.integration.ip.tcp.inbound.TcpReceivingChannelAdapter com.paymentswitch.payment_switch.config.TcpServerConfig.tcpInboundAdapter()'
2025-12-15 15:20:33.359 [SpringApplicationShutdownHook] INFO  o.s.i.endpoint.EventDrivenConsumer - Removing {message-handler:tcpOutboundAdapter.serviceActivator} as a subscriber to the 'outboundChannel' channel
2025-12-15 15:20:33.359 [SpringApplicationShutdownHook] INFO  o.s.i.channel.DirectChannel - Channel 'payment-switch.outboundChannel' has 0 subscriber(s).
2025-12-15 15:20:33.359 [SpringApplicationShutdownHook] INFO  o.s.i.endpoint.EventDrivenConsumer - stopped bean 'tcpOutboundAdapter.serviceActivator'
2025-12-15 15:20:33.360 [SpringApplicationShutdownHook] INFO  o.s.i.endpoint.EventDrivenConsumer - Removing {logging-channel-adapter:_org.springframework.integration.errorLogger} as a subscriber to the 'errorChannel' channel
2025-12-15 15:20:33.360 [SpringApplicationShutdownHook] INFO  o.s.i.c.PublishSubscribeChannel - Channel 'payment-switch.errorChannel' has 0 subscriber(s).
2025-12-15 15:20:33.360 [SpringApplicationShutdownHook] INFO  o.s.i.endpoint.EventDrivenConsumer - stopped bean '_org.springframework.integration.errorLogger'
2025-12-15 15:20:36.062 [main] INFO  c.p.p.PaymentSwitchApplication - Starting PaymentSwitchApplication using Java 21.0.9 with PID 447404 (/home/chauhan-tejas/Documents/React Tutorial/payment-switch/target/classes started by chauhan-tejas in /home/chauhan-tejas/Documents/React Tutorial/payment-switch)
2025-12-15 15:20:36.063 [main] DEBUG c.p.p.PaymentSwitchApplication - Running with Spring Boot v4.0.0, Spring v7.0.1
2025-12-15 15:20:36.064 [main] INFO  c.p.p.PaymentSwitchApplication - No active profile set, falling back to 1 default profile: "default"
2025-12-15 15:20:36.625 [main] INFO  o.s.i.c.DefaultConfiguringBeanFactoryPostProcessor - No bean named 'errorChannel' has been explicitly defined. Therefore, a default PublishSubscribeChannel will be created.
2025-12-15 15:20:36.631 [main] INFO  o.s.i.c.DefaultConfiguringBeanFactoryPostProcessor - No bean named 'integrationHeaderChannelRegistry' has been explicitly defined. Therefore, a default DefaultHeaderChannelRegistry will be created.
2025-12-15 15:20:36.911 [main] INFO  o.s.boot.tomcat.TomcatWebServer - Tomcat initialized with port 8080 (http)
2025-12-15 15:20:36.923 [main] INFO  o.a.catalina.core.StandardService - Starting service [Tomcat]
2025-12-15 15:20:36.924 [main] INFO  o.a.catalina.core.StandardEngine - Starting Servlet engine: [Apache Tomcat/11.0.14]
2025-12-15 15:20:36.959 [main] INFO  o.s.b.w.c.s.WebApplicationContextInitializer - Root WebApplicationContext: initialization completed in 852 ms
2025-12-15 15:20:37.448 [main] INFO  o.s.i.endpoint.EventDrivenConsumer - Adding {logging-channel-adapter:_org.springframework.integration.errorLogger} as a subscriber to the 'errorChannel' channel
2025-12-15 15:20:37.448 [main] INFO  o.s.i.c.PublishSubscribeChannel - Channel 'payment-switch.errorChannel' has 1 subscriber(s).
2025-12-15 15:20:37.449 [main] INFO  o.s.i.endpoint.EventDrivenConsumer - started bean '_org.springframework.integration.errorLogger'
2025-12-15 15:20:37.451 [main] INFO  o.s.i.i.t.c.TcpNetServerConnectionFactory - started bean 'serverConnectionFactory'; defined in: 'class path resource [com/paymentswitch/payment_switch/config/TcpServerConfig.class]'; from source: 'public org.springframework.integration.ip.tcp.connection.AbstractServerConnectionFactory com.paymentswitch.payment_switch.config.TcpServerConfig.serverConnectionFactory()', port=8583
2025-12-15 15:20:37.451 [pool-2-thread-1] INFO  o.s.i.i.t.c.TcpNetServerConnectionFactory - bean 'serverConnectionFactory'; defined in: 'class path resource [com/paymentswitch/payment_switch/config/TcpServerConfig.class]'; from source: 'public org.springframework.integration.ip.tcp.connection.AbstractServerConnectionFactory com.paymentswitch.payment_switch.config.TcpServerConfig.serverConnectionFactory()', port=8583 Listening
2025-12-15 15:20:37.451 [main] INFO  o.s.i.i.t.c.TcpNetServerConnectionFactory - started bean 'serverConnectionFactory'; defined in: 'class path resource [com/paymentswitch/payment_switch/config/TcpServerConfig.class]'; from source: 'public org.springframework.integration.ip.tcp.connection.AbstractServerConnectionFactory com.paymentswitch.payment_switch.config.TcpServerConfig.serverConnectionFactory()', port=8583
2025-12-15 15:20:37.451 [main] INFO  o.s.i.endpoint.EventDrivenConsumer - Adding {message-handler:tcpOutboundAdapter.serviceActivator} as a subscriber to the 'outboundChannel' channel
2025-12-15 15:20:37.451 [main] INFO  o.s.i.channel.DirectChannel - Channel 'payment-switch.outboundChannel' has 1 subscriber(s).
2025-12-15 15:20:37.451 [main] INFO  o.s.i.endpoint.EventDrivenConsumer - started bean 'tcpOutboundAdapter.serviceActivator'
2025-12-15 15:20:37.451 [main] INFO  o.s.i.i.t.c.TcpNetServerConnectionFactory - started bean 'serverConnectionFactory'; defined in: 'class path resource [com/paymentswitch/payment_switch/config/TcpServerConfig.class]'; from source: 'public org.springframework.integration.ip.tcp.connection.AbstractServerConnectionFactory com.paymentswitch.payment_switch.config.TcpServerConfig.serverConnectionFactory()', port=8583
2025-12-15 15:20:37.451 [main] INFO  o.s.i.i.t.i.TcpReceivingChannelAdapter - started bean 'tcpInboundAdapter'; defined in: 'class path resource [com/paymentswitch/payment_switch/config/TcpServerConfig.class]'; from source: 'public org.springframework.integration.ip.tcp.inbound.TcpReceivingChannelAdapter com.paymentswitch.payment_switch.config.TcpServerConfig.tcpInboundAdapter()'
2025-12-15 15:20:37.461 [main] INFO  o.s.boot.tomcat.TomcatWebServer - Tomcat started on port 8080 (http) with context path '/'
2025-12-15 15:20:37.465 [main] INFO  c.p.p.PaymentSwitchApplication - Started PaymentSwitchApplication in 1.965 seconds (process running for 2.366)
2025-12-15 15:22:34.893 [SpringApplicationShutdownHook] INFO  o.s.boot.tomcat.GracefulShutdown - Commencing graceful shutdown. Waiting for active requests to complete
2025-12-15 15:22:34.896 [tomcat-shutdown] INFO  o.s.boot.tomcat.GracefulShutdown - Graceful shutdown complete
2025-12-15 15:22:34.900 [SpringApplicationShutdownHook] INFO  o.s.i.i.t.c.TcpNetServerConnectionFactory - stopped bean 'serverConnectionFactory'; defined in: 'class path resource [com/paymentswitch/payment_switch/config/TcpServerConfig.class]'; from source: 'public org.springframework.integration.ip.tcp.connection.AbstractServerConnectionFactory com.paymentswitch.payment_switch.config.TcpServerConfig.serverConnectionFactory()', port=8583
2025-12-15 15:22:34.900 [SpringApplicationShutdownHook] INFO  o.s.i.i.t.i.TcpReceivingChannelAdapter - stopped bean 'tcpInboundAdapter'; defined in: 'class path resource [com/paymentswitch/payment_switch/config/TcpServerConfig.class]'; from source: 'public org.springframework.integration.ip.tcp.inbound.TcpReceivingChannelAdapter com.paymentswitch.payment_switch.config.TcpServerConfig.tcpInboundAdapter()'
2025-12-15 15:22:34.901 [SpringApplicationShutdownHook] INFO  o.s.i.endpoint.EventDrivenConsumer - Removing {message-handler:tcpOutboundAdapter.serviceActivator} as a subscriber to the 'outboundChannel' channel
2025-12-15 15:22:34.901 [SpringApplicationShutdownHook] INFO  o.s.i.channel.DirectChannel - Channel 'payment-switch.outboundChannel' has 0 subscriber(s).
2025-12-15 15:22:34.901 [SpringApplicationShutdownHook] INFO  o.s.i.endpoint.EventDrivenConsumer - stopped bean 'tcpOutboundAdapter.serviceActivator'
2025-12-15 15:22:34.901 [SpringApplicationShutdownHook] INFO  o.s.i.endpoint.EventDrivenConsumer - Removing {logging-channel-adapter:_org.springframework.integration.errorLogger} as a subscriber to the 'errorChannel' channel
2025-12-15 15:22:34.901 [SpringApplicationShutdownHook] INFO  o.s.i.c.PublishSubscribeChannel - Channel 'payment-switch.errorChannel' has 0 subscriber(s).
2025-12-15 15:22:34.901 [SpringApplicationShutdownHook] INFO  o.s.i.endpoint.EventDrivenConsumer - stopped bean '_org.springframework.integration.errorLogger'
